<?xml version="1.0" encoding="UTF-8"?>
<testsuite xmlns:xsi="http://www.w3.org/2001/XMLSchema-instance" xsi:noNamespaceSchemaLocation="https://maven.apache.org/surefire/maven-surefire-plugin/xsd/surefire-test-report.xsd" name="de.uulm.first.ui_extension.FunctionalityTest" time="0.05" tests="3" errors="0" skipped="0" failures="0">
  <properties>
    <property name="osgi.checkConfiguration" value="true"/>
    <property name="java.specification.version" value="14"/>
    <property name="sun.jnu.encoding" value="UTF-8"/>
    <property name="org.osgi.framework.version" value="1.10.0"/>
    <property name="java.class.path" value="/home/eric/.m2/repository/p2/osgi/bundle/org.eclipse.equinox.launcher/1.5.800.v20200727-1323/org.eclipse.equinox.launcher-1.5.800.v20200727-1323.jar"/>
    <property name="osgi.nl" value="de_DE"/>
    <property name="java.vm.vendor" value="Oracle Corporation"/>
    <property name="osgi.bundlefile.limit" value="100"/>
    <property name="osgi.syspath" value="/home/eric/.m2/repository/p2/osgi/bundle/org.eclipse.osgi/3.16.0.v20200828-0759"/>
    <property name="sun.arch.data.model" value="64"/>
    <property name="equinox.init.uuid" value="true"/>
    <property name="ds.delayed.keepInstances.default" value="true"/>
    <property name="java.vendor.url" value="https://java.oracle.com/"/>
    <property name="org.osgi.framework.system.capabilities" value="osgi.ee; osgi.ee=&quot;OSGi/Minimum&quot;; version:List&lt;Version&gt;=&quot;1.0, 1.1, 1.2&quot;, osgi.ee; osgi.ee=&quot;JRE&quot;; version:List&lt;Version&gt;=&quot;1.0, 1.1&quot;, osgi.ee; osgi.ee=&quot;JavaSE&quot;; version:List&lt;Version&gt;=&quot;1.0, 1.1, 1.2, 1.3, 1.4, 1.5, 1.6, 1.7, 1.8, 9.0, 10.0, 11.0, 12.0, 13.0, 14.0&quot;,osgi.ee; osgi.ee=&quot;JavaSE/compact1&quot;; version:List&lt;Version&gt;=&quot;1.8, 9.0, 10.0, 11.0, 12.0, 13.0, 14.0&quot;,osgi.ee; osgi.ee=&quot;JavaSE/compact2&quot;; version:List&lt;Version&gt;=&quot;1.8, 9.0, 10.0, 11.0, 12.0, 13.0, 14.0&quot;,osgi.ee; osgi.ee=&quot;JavaSE/compact3&quot;; version:List&lt;Version&gt;=&quot;1.8, 9.0, 10.0, 11.0, 12.0, 13.0, 14.0&quot;"/>
    <property name="user.timezone" value="Europe/Berlin"/>
    <property name="org.osgi.framework.uuid" value="7e8eff2d-70e6-4d82-b4ba-17fd96ec60de"/>
    <property name="java.vm.specification.version" value="14"/>
    <property name="os.name" value="Linux"/>
    <property name="org.osgi.framework.processor" value="x86-64"/>
    <property name="sun.java.launcher" value="SUN_STANDARD"/>
    <property name="user.country" value="DE"/>
    <property name="sun.boot.library.path" value="/opt/jdk-14/lib"/>
    <property name="sun.java.command" value="/home/eric/.m2/repository/p2/osgi/bundle/org.eclipse.equinox.launcher/1.5.800.v20200727-1323/org.eclipse.equinox.launcher-1.5.800.v20200727-1323.jar -data /home/eric/eclipseComitterWorkspace/TryAndError/de.uulm.first.ui_extension-test/target/work/data -install /home/eric/eclipseComitterWorkspace/TryAndError/de.uulm.first.ui_extension-test/target/work -configuration /home/eric/eclipseComitterWorkspace/TryAndError/de.uulm.first.ui_extension-test/target/work/configuration -application org.eclipse.tycho.surefire.osgibooter.uitest -testproperties /home/eric/eclipseComitterWorkspace/TryAndError/de.uulm.first.ui_extension-test/target/surefire.properties"/>
    <property name="jdk.debug" value="release"/>
    <property name="sun.cpu.endian" value="little"/>
    <property name="org.osgi.supports.framework.requirebundle" value="true"/>
    <property name="osgi.logfile" value="/home/eric/eclipseComitterWorkspace/TryAndError/de.uulm.first.ui_extension-test/target/work/data/.metadata/.log"/>
    <property name="osgi.arch" value="x86_64"/>
    <property name="user.home" value="/home/eric"/>
    <property name="osgi.install.area" value="file:/home/eric/eclipseComitterWorkspace/TryAndError/de.uulm.first.ui_extension-test/target/work/"/>
    <property name="user.language" value="de"/>
    <property name="org.eclipse.swt.internal.gtk.theme" value="Ambiance"/>
    <property name="java.specification.vendor" value="Oracle Corporation"/>
    <property name="org.osgi.framework.language" value="de"/>
    <property name="org.osgi.framework.system.packages" value="com.sun.jarsigner, com.sun.java.accessibility.util, com.sun.jdi, com.sun.jdi.connect, com.sun.jdi.connect.spi, com.sun.jdi.event, com.sun.jdi.request, com.sun.management, com.sun.net.httpserver, com.sun.net.httpserver.spi, com.sun.nio.file, com.sun.nio.sctp, com.sun.security.auth, com.sun.security.auth.callback, com.sun.security.auth.login, com.sun.security.auth.module, com.sun.security.jgss, com.sun.source.doctree, com.sun.source.tree, com.sun.source.util, com.sun.tools.attach, com.sun.tools.attach.spi, com.sun.tools.javac, com.sun.tools.jconsole, java.applet, java.awt, java.awt.color, java.awt.datatransfer, java.awt.desktop, java.awt.dnd, java.awt.event, java.awt.font, java.awt.geom, java.awt.im, java.awt.im.spi, java.awt.image, java.awt.image.renderable, java.awt.print, java.beans, java.beans.beancontext, java.io, java.lang, java.lang.annotation, java.lang.constant, java.lang.instrument, java.lang.invoke, java.lang.management, java.lang.module, java.lang.ref, java.lang.reflect, java.lang.runtime, java.math, java.net, java.net.http, java.net.spi, java.nio, java.nio.channels, java.nio.channels.spi, java.nio.charset, java.nio.charset.spi, java.nio.file, java.nio.file.attribute, java.nio.file.spi, java.rmi, java.rmi.activation, java.rmi.dgc, java.rmi.registry, java.rmi.server, java.security, java.security.cert, java.security.interfaces, java.security.spec, java.sql, java.text, java.text.spi, java.time, java.time.chrono, java.time.format, java.time.temporal, java.time.zone, java.util, java.util.concurrent, java.util.concurrent.atomic, java.util.concurrent.locks, java.util.function, java.util.jar, java.util.logging, java.util.prefs, java.util.regex, java.util.spi, java.util.stream, java.util.zip, javax.accessibility, javax.annotation.processing, javax.crypto, javax.crypto.interfaces, javax.crypto.spec, javax.imageio, javax.imageio.event, javax.imageio.metadata, javax.imageio.plugins.bmp, javax.imageio.plugins.jpeg, javax.imageio.plugins.tiff, javax.imageio.spi, javax.imageio.stream, javax.lang.model, javax.lang.model.element, javax.lang.model.type, javax.lang.model.util, javax.management, javax.management.loading, javax.management.modelmbean, javax.management.monitor, javax.management.openmbean, javax.management.relation, javax.management.remote, javax.management.remote.rmi, javax.management.timer, javax.naming, javax.naming.directory, javax.naming.event, javax.naming.ldap, javax.naming.ldap.spi, javax.naming.spi, javax.net, javax.net.ssl, javax.print, javax.print.attribute, javax.print.attribute.standard, javax.print.event, javax.rmi.ssl, javax.script, javax.security.auth, javax.security.auth.callback, javax.security.auth.kerberos, javax.security.auth.login, javax.security.auth.spi, javax.security.auth.x500, javax.security.cert, javax.security.sasl, javax.smartcardio, javax.sound.midi, javax.sound.midi.spi, javax.sound.sampled, javax.sound.sampled.spi, javax.sql, javax.sql.rowset, javax.sql.rowset.serial, javax.sql.rowset.spi, javax.swing, javax.swing.border, javax.swing.colorchooser, javax.swing.event, javax.swing.filechooser, javax.swing.plaf, javax.swing.plaf.basic, javax.swing.plaf.metal, javax.swing.plaf.multi, javax.swing.plaf.nimbus, javax.swing.plaf.synth, javax.swing.table, javax.swing.text, javax.swing.text.html, javax.swing.text.html.parser, javax.swing.text.rtf, javax.swing.tree, javax.swing.undo, javax.tools, javax.transaction.xa, javax.xml, javax.xml.catalog, javax.xml.crypto, javax.xml.crypto.dom, javax.xml.crypto.dsig, javax.xml.crypto.dsig.dom, javax.xml.crypto.dsig.keyinfo, javax.xml.crypto.dsig.spec, javax.xml.datatype, javax.xml.namespace, javax.xml.parsers, javax.xml.stream, javax.xml.stream.events, javax.xml.stream.util, javax.xml.transform, javax.xml.transform.dom, javax.xml.transform.sax, javax.xml.transform.stax, javax.xml.transform.stream, javax.xml.validation, javax.xml.xpath, jdk.dynalink, jdk.dynalink.beans, jdk.dynalink.linker, jdk.dynalink.linker.support, jdk.dynalink.support, jdk.javadoc.doclet, jdk.jfr, jdk.jfr.consumer, jdk.jshell, jdk.jshell.execution, jdk.jshell.spi, jdk.jshell.tool, jdk.management.jfr, jdk.nashorn.api.scripting, jdk.nashorn.api.tree, jdk.net, jdk.nio, jdk.nio.mapmode, jdk.security.jarsigner, jdk.swing.interop, netscape.javascript, org.ietf.jgss, org.w3c.dom, org.w3c.dom.bootstrap, org.w3c.dom.css, org.w3c.dom.events, org.w3c.dom.html, org.w3c.dom.ls, org.w3c.dom.ranges, org.w3c.dom.stylesheets, org.w3c.dom.traversal, org.w3c.dom.views, org.w3c.dom.xpath, org.xml.sax, org.xml.sax.ext, org.xml.sax.helpers, sun.misc, sun.reflect"/>
    <property name="osgi.tracefile" value="/home/eric/eclipseComitterWorkspace/TryAndError/de.uulm.first.ui_extension-test/target/work/data/.metadata/trace.log"/>
    <property name="gosh.args" value="--nointeractive"/>
    <property name="eclipse.application" value="org.eclipse.tycho.surefire.osgibooter.uitest"/>
    <property name="java.version.date" value="2020-03-17"/>
    <property name="java.home" value="/opt/jdk-14"/>
    <property name="file.separator" value="/"/>
    <property name="osgi.noShutdown" value="false"/>
    <property name="java.vm.compressedOopsMode" value="Zero based"/>
    <property name="line.separator" value="&#10;"/>
    <property name="org.osgi.framework.executionenvironment" value="OSGi/Minimum-1.0, OSGi/Minimum-1.1, OSGi/Minimum-1.2, JavaSE/compact1-1.8, JavaSE/compact2-1.8, JavaSE/compact3-1.8, JRE-1.1, J2SE-1.2, J2SE-1.3, J2SE-1.4, J2SE-1.5, JavaSE-1.6, JavaSE-1.7, JavaSE-1.8, JavaSE-9, JavaSE-10, JavaSE-11, JavaSE-12, JavaSE-13, JavaSE-14"/>
    <property name="java.vm.specification.vendor" value="Oracle Corporation"/>
    <property name="java.specification.name" value="Java Platform API Specification"/>
    <property name="osgi.compatibility.bootdelegation.default" value="true"/>
    <property name="ds.delayed.keepInstances" value="true"/>
    <property name="org.eclipse.swt.internal.gtk.version" value="3.22.30"/>
    <property name="sun.management.compiler" value="HotSpot 64-Bit Tiered Compilers"/>
    <property name="java.runtime.version" value="14+36-1461"/>
    <property name="org.eclipse.swt.internal.deviceZoom" value="100"/>
    <property name="user.name" value="eric"/>
    <property name="eclipse.commands" value="-data&#10;/home/eric/eclipseComitterWorkspace/TryAndError/de.uulm.first.ui_extension-test/target/work/data&#10;-install&#10;/home/eric/eclipseComitterWorkspace/TryAndError/de.uulm.first.ui_extension-test/target/work&#10;-configuration&#10;/home/eric/eclipseComitterWorkspace/TryAndError/de.uulm.first.ui_extension-test/target/work/configuration&#10;-application&#10;org.eclipse.tycho.surefire.osgibooter.uitest&#10;-testproperties&#10;/home/eric/eclipseComitterWorkspace/TryAndError/de.uulm.first.ui_extension-test/target/surefire.properties&#10;"/>
    <property name="path.separator" value=":"/>
    <property name="osgi.framework.useSystemProperties" value="true"/>
    <property name="osgi.compatibility.bootdelegation" value="true"/>
    <property name="os.version" value="5.4.0-56-generic"/>
    <property name="org.osgi.framework.vendor" value="Eclipse"/>
    <property name="java.runtime.name" value="OpenJDK Runtime Environment"/>
    <property name="org.osgi.supports.framework.fragment" value="true"/>
    <property name="file.encoding" value="UTF-8"/>
    <property name="osgi.bundles" value="reference:file:/home/eric/.m2/repository/p2/osgi/bundle/com.ibm.icu/67.1.0.v20200706-1749/com.ibm.icu-67.1.0.v20200706-1749.jar,reference:file:/home/eric/.m2/repository/p2/osgi/bundle/com.sun.jna/4.5.1.v20190425-1842/com.sun.jna-4.5.1.v20190425-1842.jar,reference:file:/home/eric/.m2/repository/p2/osgi/bundle/com.sun.jna.platform/4.5.1.v20190425-1842/com.sun.jna.platform-4.5.1.v20190425-1842.jar,reference:file:/home/eric/eclipseComitterWorkspace/TryAndError/de.uulm.first.ui_extension/target/de.uulm.first.ui_extension-0.0.2-SNAPSHOT.jar,reference:file:/home/eric/.m2/repository/p2/osgi/bundle/org.eclipse.ui/3.118.0.v20200807-0902/org.eclipse.ui-3.118.0.v20200807-0902.jar,reference:file:/home/eric/.m2/repository/p2/osgi/bundle/org.eclipse.core.runtime/3.19.0.v20200724-1004/org.eclipse.core.runtime-3.19.0.v20200724-1004.jar@4:start,reference:file:/home/eric/.m2/repository/p2/osgi/bundle/org.eclipse.core.resources/3.13.800.v20200706-2152/org.eclipse.core.resources-3.13.800.v20200706-2152.jar,reference:file:/home/eric/.m2/repository/p2/osgi/bundle/org.eclipse.jdt.core/3.23.0.v20200828-0941/org.eclipse.jdt.core-3.23.0.v20200828-0941.jar,reference:file:/home/eric/.m2/repository/p2/osgi/bundle/org.eclipse.ui.workbench.texteditor/3.15.0.v20200812-2334/org.eclipse.ui.workbench.texteditor-3.15.0.v20200812-2334.jar,reference:file:/home/eric/.m2/repository/p2/osgi/bundle/org.eclipse.text/3.10.300.v20200807-0831/org.eclipse.text-3.10.300.v20200807-0831.jar,reference:file:/home/eric/.m2/repository/p2/osgi/bundle/org.eclipse.ui.editors/3.13.300.v20200812-2334/org.eclipse.ui.editors-3.13.300.v20200812-2334.jar,reference:file:/home/eric/.m2/repository/p2/osgi/bundle/org.eclipse.jdt.launching/3.18.0.v20200824-1854/org.eclipse.jdt.launching-3.18.0.v20200824-1854.jar,reference:file:/home/eric/.m2/repository/p2/osgi/bundle/org.eclipse.ui.workbench/3.120.0.v20200829-1411/org.eclipse.ui.workbench-3.120.0.v20200829-1411.jar,reference:file:/home/eric/.m2/repository/p2/osgi/bundle/org.eclipse.ui.ide/3.17.200.v20200808-0622/org.eclipse.ui.ide-3.17.200.v20200808-0622.jar,reference:file:/home/eric/.m2/repository/p2/osgi/bundle/org.eclipse.jface/3.21.0.v20200821-1458/org.eclipse.jface-3.21.0.v20200821-1458.jar,reference:file:/home/eric/.m2/repository/p2/osgi/bundle/org.eclipse.jface.text/3.16.400.v20200807-0831/org.eclipse.jface.text-3.16.400.v20200807-0831.jar,reference:file:/home/eric/.m2/repository/p2/osgi/bundle/org.eclipse.ui.navigator/3.9.400.v20200723-2304/org.eclipse.ui.navigator-3.9.400.v20200723-2304.jar,reference:file:/home/eric/.m2/repository/p2/osgi/bundle/org.eclipse.compare/3.7.1100.v20200611-0145/org.eclipse.compare-3.7.1100.v20200611-0145.jar,reference:file:/home/eric/.m2/repository/p2/osgi/bundle/org.eclipse.jdt.ui/3.21.200.v20200828-0853/org.eclipse.jdt.ui-3.21.200.v20200828-0853.jar,reference:file:/home/eric/eclipseComitterWorkspace/TryAndError/de.uulm.first.ui_extension-test,reference:file:/home/eric/.m2/repository/p2/osgi/bundle/org.junit/4.13.0.v20200204-1500/org.junit-4.13.0.v20200204-1500.jar,reference:file:/home/eric/.m2/repository/p2/osgi/bundle/javax.annotation/1.3.5.v20200504-1837/javax.annotation-1.3.5.v20200504-1837.jar,reference:file:/home/eric/.m2/repository/p2/osgi/bundle/org.apache.batik.constants/1.13.0.v20200622-2037/org.apache.batik.constants-1.13.0.v20200622-2037.jar,reference:file:/home/eric/.m2/repository/p2/osgi/bundle/org.w3c.dom.events/3.0.0.draft20060413_v201105210656/org.w3c.dom.events-3.0.0.draft20060413_v201105210656.jar,reference:file:/home/eric/.m2/repository/p2/osgi/bundle/org.w3c.css.sac/1.3.1.v200903091627/org.w3c.css.sac-1.3.1.v200903091627.jar,reference:file:/home/eric/.m2/repository/p2/osgi/bundle/org.w3c.dom.svg/1.1.0.v201011041433/org.w3c.dom.svg-1.1.0.v201011041433.jar,reference:file:/home/eric/.m2/repository/p2/osgi/bundle/org.apache.xmlgraphics/2.4.0.v20200622-2037/org.apache.xmlgraphics-2.4.0.v20200622-2037.jar,reference:file:/home/eric/.m2/repository/p2/osgi/bundle/org.apache.batik.css/1.13.0.v20200622-2037/org.apache.batik.css-1.13.0.v20200622-2037.jar,reference:file:/home/eric/.m2/repository/p2/osgi/bundle/org.apache.batik.util/1.13.0.v20200622-2037/org.apache.batik.util-1.13.0.v20200622-2037.jar,reference:file:/home/eric/.m2/repository/p2/osgi/bundle/org.apache.batik.i18n/1.13.0.v20200622-2037/org.apache.batik.i18n-1.13.0.v20200622-2037.jar,reference:file:/home/eric/.m2/repository/p2/osgi/bundle/org.apache.commons.io/2.6.0.v20190123-2029/org.apache.commons.io-2.6.0.v20190123-2029.jar,reference:file:/home/eric/.m2/repository/p2/osgi/bundle/org.apache.commons.logging/1.2.0.v20180409-1502/org.apache.commons.logging-1.2.0.v20180409-1502.jar,reference:file:/home/eric/.m2/repository/p2/osgi/bundle/org.apache.felix.scr/2.1.16.v20200110-1820/org.apache.felix.scr-2.1.16.v20200110-1820.jar@1:start,reference:file:/home/eric/.m2/repository/p2/osgi/bundle/org.eclipse.osgi.services/3.9.0.v20200511-1725/org.eclipse.osgi.services-3.9.0.v20200511-1725.jar,reference:file:/home/eric/.m2/repository/p2/osgi/bundle/org.eclipse.osgi.util/3.5.300.v20190708-1141/org.eclipse.osgi.util-3.5.300.v20190708-1141.jar,reference:file:/home/eric/.m2/repository/p2/osgi/bundle/org.eclipse.ui.views/3.10.400.v20200611-1719/org.eclipse.ui.views-3.10.400.v20200611-1719.jar,reference:file:/home/eric/.m2/repository/p2/osgi/bundle/org.eclipse.core.expressions/3.7.0.v20200720-1126/org.eclipse.core.expressions-3.7.0.v20200720-1126.jar,reference:file:/home/eric/.m2/repository/p2/osgi/bundle/org.eclipse.ui.forms/3.10.0.v20200727-0948/org.eclipse.ui.forms-3.10.0.v20200727-0948.jar,reference:file:/home/eric/.m2/repository/p2/osgi/bundle/org.eclipse.compare.core/3.6.900.v20200412-2017/org.eclipse.compare.core-3.6.900.v20200412-2017.jar,reference:file:/home/eric/.m2/repository/p2/osgi/bundle/org.eclipse.core.commands/3.9.700.v20191217-1850/org.eclipse.core.commands-3.9.700.v20191217-1850.jar,reference:file:/home/eric/.m2/repository/p2/osgi/bundle/org.eclipse.equinox.common/3.13.0.v20200828-1034/org.eclipse.equinox.common-3.13.0.v20200828-1034.jar@2:start,reference:file:/home/eric/.m2/repository/p2/osgi/bundle/org.eclipse.core.contenttype/3.7.800.v20200724-0804/org.eclipse.core.contenttype-3.7.800.v20200724-0804.jar,reference:file:/home/eric/.m2/repository/p2/osgi/bundle/org.eclipse.equinox.preferences/3.8.0.v20200422-1833/org.eclipse.equinox.preferences-3.8.0.v20200422-1833.jar,reference:file:/home/eric/.m2/repository/p2/osgi/bundle/org.eclipse.equinox.registry/3.9.0.v20200625-1425/org.eclipse.equinox.registry-3.9.0.v20200625-1425.jar,reference:file:/home/eric/.m2/repository/p2/osgi/bundle/org.eclipse.core.databinding/1.10.0.v20200815-1752/org.eclipse.core.databinding-1.10.0.v20200815-1752.jar,reference:file:/home/eric/.m2/repository/p2/osgi/bundle/org.eclipse.core.databinding.observable/1.10.0.v20200730-0848/org.eclipse.core.databinding.observable-1.10.0.v20200730-0848.jar,reference:file:/home/eric/.m2/repository/p2/osgi/bundle/org.eclipse.core.databinding.property/1.8.100.v20200619-0651/org.eclipse.core.databinding.property-1.8.100.v20200619-0651.jar,reference:file:/home/eric/.m2/repository/p2/osgi/bundle/org.eclipse.core.filebuffers/3.6.1000.v20200409-1035/org.eclipse.core.filebuffers-3.6.1000.v20200409-1035.jar,reference:file:/home/eric/.m2/repository/p2/osgi/bundle/org.eclipse.core.filesystem/1.7.700.v20200110-1734/org.eclipse.core.filesystem-1.7.700.v20200110-1734.jar,reference:file:/home/eric/.m2/repository/p2/osgi/bundle/org.eclipse.core.jobs/3.10.800.v20200421-0950/org.eclipse.core.jobs-3.10.800.v20200421-0950.jar,reference:file:/home/eric/.m2/repository/p2/osgi/bundle/org.eclipse.core.net/1.3.1000.v20200715-0827/org.eclipse.core.net-1.3.1000.v20200715-0827.jar,reference:file:/home/eric/.m2/repository/p2/osgi/bundle/org.eclipse.equinox.security/1.3.500.v20200114-1637/org.eclipse.equinox.security-1.3.500.v20200114-1637.jar,reference:file:/home/eric/.m2/repository/p2/osgi/bundle/org.eclipse.equinox.app/1.5.0.v20200717-0620/org.eclipse.equinox.app-1.5.0.v20200717-0620.jar,reference:file:/home/eric/.m2/repository/p2/osgi/bundle/org.eclipse.core.variables/3.4.800.v20200120-1101/org.eclipse.core.variables-3.4.800.v20200120-1101.jar,reference:file:/home/eric/.m2/repository/p2/osgi/bundle/org.eclipse.debug.core/3.16.0.v20200828-0817/org.eclipse.debug.core-3.16.0.v20200828-0817.jar,reference:file:/home/eric/.m2/repository/p2/osgi/bundle/org.eclipse.debug.ui/3.14.600.v20200828-0817/org.eclipse.debug.ui-3.14.600.v20200828-0817.jar,reference:file:/home/eric/.m2/repository/p2/osgi/bundle/org.eclipse.ui.console/3.9.300.v20200828-0817/org.eclipse.ui.console-3.9.300.v20200828-0817.jar,reference:file:/home/eric/.m2/repository/p2/osgi/bundle/org.eclipse.help/3.8.800.v20200525-0755/org.eclipse.help-3.8.800.v20200525-0755.jar,reference:file:/home/eric/.m2/repository/p2/osgi/bundle/org.eclipse.e4.core.commands/0.12.900.v20200110-1732/org.eclipse.e4.core.commands-0.12.900.v20200110-1732.jar,reference:file:/home/eric/.m2/repository/p2/osgi/bundle/org.eclipse.e4.core.di/1.7.600.v20200428-0912/org.eclipse.e4.core.di-1.7.600.v20200428-0912.jar,reference:file:/home/eric/.m2/repository/p2/osgi/bundle/javax.inject/1.0.0.v20091030/javax.inject-1.0.0.v20091030.jar,reference:file:/home/eric/.m2/repository/p2/osgi/bundle/org.eclipse.e4.core.contexts/1.8.400.v20191217-1710/org.eclipse.e4.core.contexts-1.8.400.v20191217-1710.jar,reference:file:/home/eric/.m2/repository/p2/osgi/bundle/org.eclipse.e4.core.services/2.2.400.v20200622-1247/org.eclipse.e4.core.services-2.2.400.v20200622-1247.jar,reference:file:/home/eric/.m2/repository/p2/osgi/bundle/org.eclipse.e4.core.di.annotations/1.6.600.v20191216-2352/org.eclipse.e4.core.di.annotations-1.6.600.v20191216-2352.jar,reference:file:/home/eric/.m2/repository/p2/osgi/bundle/org.eclipse.e4.core.di.extensions/0.16.0.v20200507-0938/org.eclipse.e4.core.di.extensions-0.16.0.v20200507-0938.jar,reference:file:/home/eric/.m2/repository/p2/osgi/bundle/org.eclipse.e4.core.di.extensions.supplier/0.15.700.v20200622-1247/org.eclipse.e4.core.di.extensions.supplier-0.15.700.v20200622-1247.jar,reference:file:/home/eric/.m2/repository/p2/osgi/bundle/org.eclipse.e4.emf.xpath/0.2.800.v20200609-0849/org.eclipse.e4.emf.xpath-0.2.800.v20200609-0849.jar,reference:file:/home/eric/.m2/repository/p2/osgi/bundle/org.apache.commons.jxpath/1.3.0.v200911051830/org.apache.commons.jxpath-1.3.0.v200911051830.jar,reference:file:/home/eric/.m2/repository/p2/osgi/bundle/org.eclipse.emf.ecore/2.23.0.v20200630-0516/org.eclipse.emf.ecore-2.23.0.v20200630-0516.jar,reference:file:/home/eric/.m2/repository/p2/osgi/bundle/org.eclipse.e4.ui.bindings/0.12.900.v20200513-0930/org.eclipse.e4.ui.bindings-0.12.900.v20200513-0930.jar,reference:file:/home/eric/.m2/repository/p2/osgi/bundle/org.eclipse.swt/3.115.0.v20200831-1002/org.eclipse.swt-3.115.0.v20200831-1002.jar,reference:file:/home/eric/.m2/repository/p2/osgi/bundle/org.eclipse.e4.ui.services/1.3.700.v20190930-1643/org.eclipse.e4.ui.services-1.3.700.v20190930-1643.jar,reference:file:/home/eric/.m2/repository/p2/osgi/bundle/org.eclipse.e4.ui.css.core/0.12.1300.v20200615-1701/org.eclipse.e4.ui.css.core-0.12.1300.v20200615-1701.jar,reference:file:/home/eric/.m2/repository/p2/osgi/bundle/org.eclipse.e4.ui.css.swt/0.13.1100.v20200819-0632/org.eclipse.e4.ui.css.swt-0.13.1100.v20200819-0632.jar,reference:file:/home/eric/.m2/repository/p2/osgi/bundle/org.eclipse.e4.ui.css.swt.theme/0.12.700.v20200527-0719/org.eclipse.e4.ui.css.swt.theme-0.12.700.v20200527-0719.jar,reference:file:/home/eric/.m2/repository/p2/osgi/bundle/org.eclipse.e4.ui.di/1.2.800.v20200128-0855/org.eclipse.e4.ui.di-1.2.800.v20200128-0855.jar,reference:file:/home/eric/.m2/repository/p2/osgi/bundle/org.eclipse.e4.ui.dialogs/1.2.0.v20200807-0944/org.eclipse.e4.ui.dialogs-1.2.0.v20200807-0944.jar,reference:file:/home/eric/.m2/repository/p2/osgi/bundle/org.eclipse.e4.ui.ide/3.15.100.v20200323-2111/org.eclipse.e4.ui.ide-3.15.100.v20200323-2111.jar,reference:file:/home/eric/.m2/repository/p2/osgi/bundle/org.eclipse.e4.ui.model.workbench/2.1.800.v20200828-0938/org.eclipse.e4.ui.model.workbench-2.1.800.v20200828-0938.jar,reference:file:/home/eric/.m2/repository/p2/osgi/bundle/org.eclipse.equinox.event/1.5.500.v20200616-0800/org.eclipse.equinox.event-1.5.500.v20200616-0800.jar,reference:file:/home/eric/.m2/repository/p2/osgi/bundle/org.eclipse.e4.ui.widgets/1.2.700.v20191222-1048/org.eclipse.e4.ui.widgets-1.2.700.v20191222-1048.jar,reference:file:/home/eric/.m2/repository/p2/osgi/bundle/org.eclipse.e4.ui.workbench/1.11.400.v20200828-0938/org.eclipse.e4.ui.workbench-1.11.400.v20200828-0938.jar,reference:file:/home/eric/.m2/repository/p2/osgi/bundle/org.eclipse.emf.ecore.change/2.14.0.v20190528-0725/org.eclipse.emf.ecore.change-2.14.0.v20190528-0725.jar,reference:file:/home/eric/.m2/repository/p2/osgi/bundle/org.eclipse.emf.ecore.xmi/2.16.0.v20190528-0725/org.eclipse.emf.ecore.xmi-2.16.0.v20190528-0725.jar,reference:file:/home/eric/.m2/repository/p2/osgi/bundle/org.eclipse.e4.ui.workbench.addons.swt/1.3.1100.v20200703-0611/org.eclipse.e4.ui.workbench.addons.swt-1.3.1100.v20200703-0611.jar,reference:file:/home/eric/.m2/repository/p2/osgi/bundle/org.eclipse.e4.ui.workbench.renderers.swt/0.14.1300.v20200829-1411/org.eclipse.e4.ui.workbench.renderers.swt-0.14.1300.v20200829-1411.jar,reference:file:/home/eric/.m2/repository/p2/osgi/bundle/org.eclipse.e4.ui.workbench.swt/0.14.1100.v20200619-0644/org.eclipse.e4.ui.workbench.swt-0.14.1100.v20200619-0644.jar,reference:file:/home/eric/.m2/repository/p2/osgi/bundle/org.eclipse.jface.databinding/1.12.0.v20200717-1533/org.eclipse.jface.databinding-1.12.0.v20200717-1533.jar,reference:file:/home/eric/.m2/repository/p2/osgi/bundle/org.eclipse.e4.ui.workbench3/0.15.400.v20191216-0805/org.eclipse.e4.ui.workbench3-0.15.400.v20191216-0805.jar,reference:file:/home/eric/.m2/repository/p2/osgi/bundle/org.eclipse.urischeme/1.1.100.v20200729-2048/org.eclipse.urischeme-1.1.100.v20200729-2048.jar,reference:file:/home/eric/.m2/repository/p2/osgi/bundle/org.eclipse.emf.common/2.20.0.v20200822-0801/org.eclipse.emf.common-2.20.0.v20200822-0801.jar,reference:file:/home/eric/.m2/repository/p2/osgi/bundle/org.eclipse.equinox.bidi/1.3.0.v20200612-1624/org.eclipse.equinox.bidi-1.3.0.v20200612-1624.jar,reference:file:/home/eric/.m2/repository/p2/osgi/bundle/org.eclipse.equinox.launcher/1.5.800.v20200727-1323/org.eclipse.equinox.launcher-1.5.800.v20200727-1323.jar,reference:file:/home/eric/.m2/repository/p2/osgi/bundle/org.eclipse.equinox.p2.core/2.6.300.v20200211-1504/org.eclipse.equinox.p2.core-2.6.300.v20200211-1504.jar,reference:file:/home/eric/.m2/repository/p2/osgi/bundle/org.eclipse.equinox.p2.engine/2.6.700.v20200511-1530/org.eclipse.equinox.p2.engine-2.6.700.v20200511-1530.jar,reference:file:/home/eric/.m2/repository/p2/osgi/bundle/org.eclipse.equinox.p2.metadata/2.5.0.v20200511-1530/org.eclipse.equinox.p2.metadata-2.5.0.v20200511-1530.jar,reference:file:/home/eric/.m2/repository/p2/osgi/bundle/org.eclipse.equinox.p2.metadata.repository/1.3.400.v20191211-1528/org.eclipse.equinox.p2.metadata.repository-1.3.400.v20191211-1528.jar,reference:file:/home/eric/.m2/repository/p2/osgi/bundle/org.eclipse.equinox.p2.repository/2.4.800.v20200813-0739/org.eclipse.equinox.p2.repository-2.4.800.v20200813-0739.jar,reference:file:/home/eric/.m2/repository/p2/osgi/bundle/org.tukaani.xz/1.8.0.v20180207-1613/org.tukaani.xz-1.8.0.v20180207-1613.jar,reference:file:/home/eric/.m2/repository/p2/osgi/bundle/org.eclipse.jdt.core.manipulation/1.14.100.v20200817-2001/org.eclipse.jdt.core.manipulation-1.14.100.v20200817-2001.jar,reference:file:/home/eric/.m2/repository/p2/osgi/bundle/org.eclipse.ltk.core.refactoring/3.11.100.v20200720-0748/org.eclipse.ltk.core.refactoring-3.11.100.v20200720-0748.jar,reference:file:/home/eric/eclipseComitterWorkspace/TryAndError/de.uulm.first.ui_extension-test/target/work/plugins/org.eclipse.jdt.debug_3.16.0.v20200828-0821,reference:file:/home/eric/.m2/repository/p2/osgi/bundle/org.eclipse.search/3.12.0.v20200727-2017/org.eclipse.search-3.12.0.v20200727-2017.jar,reference:file:/home/eric/.m2/repository/p2/osgi/bundle/org.eclipse.team.ui/3.8.1000.v20200806-0621/org.eclipse.team.ui-3.8.1000.v20200806-0621.jar,reference:file:/home/eric/.m2/repository/p2/osgi/bundle/org.eclipse.team.core/3.8.1100.v20200806-0621/org.eclipse.team.core-3.8.1100.v20200806-0621.jar,reference:file:/home/eric/.m2/repository/p2/osgi/bundle/org.eclipse.ltk.ui.refactoring/3.11.100.v20200817-1715/org.eclipse.ltk.ui.refactoring-3.11.100.v20200817-1715.jar,reference:file:/home/eric/.m2/repository/p2/osgi/bundle/org.eclipse.ui.navigator.resources/3.7.400.v20200722-0751/org.eclipse.ui.navigator.resources-3.7.400.v20200722-0751.jar,reference:file:/home/eric/.m2/repository/p2/osgi/bundle/org.eclipse.jface.notifications/0.2.0.v20200810-0826/org.eclipse.jface.notifications-0.2.0.v20200810-0826.jar,reference:file:/home/eric/.m2/repository/p2/osgi/bundle/org.eclipse.swt.gtk.linux.x86_64/3.115.0.v20200831-1002/org.eclipse.swt.gtk.linux.x86_64-3.115.0.v20200831-1002.jar,reference:file:/home/eric/.m2/repository/p2/osgi/bundle/org.eclipse.ui.ide.application/1.3.800.v20200713-0938/org.eclipse.ui.ide.application-1.3.800.v20200713-0938.jar,reference:file:/home/eric/.m2/repository/p2/osgi/bundle/org.eclipse.ui.views.properties.tabbed/3.8.1000.v20200609-0849/org.eclipse.ui.views.properties.tabbed-3.8.1000.v20200609-0849.jar,reference:file:/home/eric/.m2/repository/p2/osgi/bundle/org.hamcrest.core/1.3.0.v20180420-1519/org.hamcrest.core-1.3.0.v20180420-1519.jar,reference:file:/home/eric/.m2/repository/p2/osgi/bundle/org.w3c.dom.smil/1.0.1.v200903091627/org.w3c.dom.smil-1.0.1.v200903091627.jar,reference:file:/home/eric/.m2/repository/p2/osgi/bundle/org.eclipse.swt.win32.win32.x86_64/3.115.0.v20200831-1002/org.eclipse.swt.win32.win32.x86_64-3.115.0.v20200831-1002.jar,reference:file:/home/eric/.m2/repository/p2/osgi/bundle/org.eclipse.swt.cocoa.macosx.x86_64/3.115.0.v20200831-1002/org.eclipse.swt.cocoa.macosx.x86_64-3.115.0.v20200831-1002.jar,reference:file:/home/eric/.m2/repository/org/eclipse/tycho/org.eclipse.tycho.surefire.osgibooter/2.1.0/org.eclipse.tycho.surefire.osgibooter-2.1.0.jar,reference:file:/home/eric/.m2/repository/org/eclipse/tycho/org.eclipse.tycho.surefire.junit4/2.1.0/org.eclipse.tycho.surefire.junit4-2.1.0.jar"/>
    <property name="osgi.framework.shape" value="jar"/>
    <property name="java.vm.name" value="OpenJDK 64-Bit Server VM"/>
    <property name="osgi.framework" value="file:/home/eric/.m2/repository/p2/osgi/bundle/org.eclipse.osgi/3.16.0.v20200828-0759/org.eclipse.osgi-3.16.0.v20200828-0759.jar"/>
    <property name="osgi.dev" value="file:/home/eric/eclipseComitterWorkspace/TryAndError/de.uulm.first.ui_extension-test/target/work/dev.properties"/>
    <property name="osgi.configuration.area" value="file:/home/eric/eclipseComitterWorkspace/TryAndError/de.uulm.first.ui_extension-test/target/work/configuration/"/>
    <property name="osgi.os" value="linux"/>
    <property name="osgi.clean" value="true"/>
    <property name="java.vendor.url.bug" value="https://bugreport.java.com/bugreport/"/>
    <property name="java.io.tmpdir" value="/tmp"/>
    <property name="org.osgi.framework.os.name" value="Linux"/>
    <property name="eclipse.home.location" value="file:/home/eric/eclipseComitterWorkspace/TryAndError/de.uulm.first.ui_extension-test/target/work/"/>
    <property name="org.osgi.supports.framework.extension" value="true"/>
    <property name="applicationXMI" value="org.eclipse.ui.workbench/LegacyIDE.e4xmi"/>
    <property name="java.version" value="14"/>
    <property name="org.osgi.framework.storage" value="/home/eric/eclipseComitterWorkspace/TryAndError/de.uulm.first.ui_extension-test/target/work/configuration"/>
    <property name="user.dir" value="/home/eric/eclipseComitterWorkspace/TryAndError/de.uulm.first.ui_extension-test"/>
    <property name="os.arch" value="amd64"/>
    <property name="osgi.ws" value="gtk"/>
    <property name="osgi.instance.area" value="file:/home/eric/eclipseComitterWorkspace/TryAndError/de.uulm.first.ui_extension-test/target/work/data/"/>
    <property name="osgi.bundles.defaultStartLevel" value="4"/>
    <property name="java.vm.specification.name" value="Java Virtual Machine Specification"/>
    <property name="osgi.configuration.cascaded" value="false"/>
    <property name="eclipse.startTime" value="1607027658748"/>
    <property name="java.library.path" value="/usr/java/packages/lib:/usr/lib64:/lib64:/lib:/usr/lib"/>
    <property name="org.osgi.framework.os.version" value="5.4.0"/>
    <property name="java.vm.info" value="mixed mode, sharing"/>
    <property name="java.vendor" value="Oracle Corporation"/>
    <property name="java.vm.version" value="14+36-1461"/>
    <property name="sun.io.unicode.encoding" value="UnicodeLittle"/>
    <property name="eclipse.stateSaveDelayInterval" value="30000"/>
    <property name="java.class.version" value="58.0"/>
  </properties>
  <testcase name="aSecondTest" classname="de.uulm.first.ui_extension.FunctionalityTest" time="0.003"/>
  <testcase name="aFailedTest" classname="de.uulm.first.ui_extension.FunctionalityTest" time="0.001"/>
  <testcase name="meaningOfEverythingTest" classname="de.uulm.first.ui_extension.FunctionalityTest" time="0"/>
</testsuite>